<?xml version="1.0" encoding="utf-8"?><testsuites name="pytest tests"><testsuite name="pytest" errors="0" failures="0" skipped="0" tests="8" time="0.292" timestamp="2026-01-24T20:34:06.047995-05:00" hostname="Nessiah"><testcase classname="tests.test_app" name="test_homepage" time="0.011" /><testcase classname="tests.test_app" name="test_login" time="0.007" /><testcase classname="tests.test_app" name="test_login_with_invalid_email_returns_401" time="0.007" /><testcase classname="tests.test_app" name="test_clubs_page" time="0.003" /><testcase classname="tests.test_app" name="test_booking_deducts_club_points" time="0.002" /><testcase classname="tests.test_app" name="test_booking_past_competition_returns_403" time="0.005" /><testcase classname="tests.test_app" name="test_cannot_book_more_than_12_spots_returns_403" time="0.002" /><testcase classname="tests.test_app" name="test_cannot_book_more_points_than_club_has_returns_403" time="0.003" /></testsuite></testsuites>