<?xml version="1.0" encoding="utf-8"?><testsuites name="pytest tests"><testsuite name="pytest" errors="0" failures="0" skipped="0" tests="9" time="0.235" timestamp="2026-01-25T14:14:03.684629-05:00" hostname="Nessiah"><testcase classname="test_app" name="test_homepage" time="0.017" /><testcase classname="test_app" name="test_login" time="0.008" /><testcase classname="test_app" name="test_login_with_invalid_email_returns_401" time="0.004" /><testcase classname="test_app" name="test_clubs_page" time="0.002" /><testcase classname="test_app" name="test_booking_deducts_club_points" time="0.003" /><testcase classname="test_app" name="test_competition_spots_are_decreased_globally_after_booking" time="0.004" /><testcase classname="test_app" name="test_booking_past_competition_returns_403" time="0.004" /><testcase classname="test_app" name="test_cannot_book_more_than_12_spots_returns_403" time="0.002" /><testcase classname="test_app" name="test_cannot_book_more_points_than_club_has_returns_403" time="0.003" /></testsuite></testsuites>